.title overdueList
.category Circulation
.column bibid hidden
.column copyid hidden
.column mbrid hidden
.column barcode_nmbr sort=barcode_nmbr title="Cód. barras livro"
.column callno sort=callno title = "No. de chamada"
.column title sort=title func=biblio_link title="Tí­tulo"
.column author sort=author title="Autor"
.column member_bcode sort=member_bcode title="Cód. barras membro"
.column name sort=name func=member_link title="Nome"
.column status_begin_dt sort=status_begin_dt title="Data Empr."
.column due_back_dt sort=due_back_dt title="Data Devol."
.column days_late sort='due_back_dt!r' title="Dias Atrasados"
.column turma sort=turma title="Turma"
.parameters
.	date as_of title="A partir de (ex: 01.01.2020)"
.	order_by
.		item barcode_nmbr expr='c.barcode_nmbr'
.		item callno expr="concat_ws(' ', b.call_nmbr1, b.call_nmbr2, b.call_nmbr3)"
.		item title
.		item author
.		item member_bcode expr='m.barcode_nmbr'
.		item name expr="concat(m.last_name, ', ', m.first_name)"
.		item status_begin_dt
.		item due_back_dt
.	end order_by
.end parameters
.sql
	select c.bibid, c.copyid, m.mbrid, c.barcode_nmbr,
		concat_ws(' ', b.call_nmbr1, b.call_nmbr2, b.call_nmbr3) as callno,
		b.title, b.author, DATE_FORMAT(c.status_begin_dt, "%%d/%%m/%%Y") as status_begin_dt,
		DATE_FORMAT(c.due_back_dt, "%%d/%%m/%%Y") as due_back_dt, m.barcode_nmbr member_bcode,
		concat(m.last_name, ', ', m.first_name) name,
		floor(to_days(now())-to_days(c.due_back_dt)) days_late, mf.`data` as turma
	from biblio b, biblio_copy c, member m
	left join member_fields mf
	on m.mbrid = mf.mbrid
	and mf.code = "Turma"
	where b.bibid = c.bibid
		and c.mbrid = m.mbrid
		and c.status_cd = 'out'
.	if_set as_of
		and c.due_back_dt < %as_of%
.	end if_set
.	order_by_expr
.end sql
